<?xml version="1.0" encoding="UTF-8"?>
<!-- Generated by org.testng.reporters.JUnitReportReporter -->
<testsuite hostname="DESKTOP-RDGIFUL" failures="0" tests="2" name="com.mm.testcases.TC_LoginTest001" time="18.952" errors="0" timestamp="2023-01-30T11:47:08 IST" skipped="0">
  <testcase classname="com.mm.testcases.TC_LoginTest001" name="loginTest2" time="8.594"/>
  <system-out/>
  <testcase classname="com.mm.testcases.TC_LoginTest001" name="loginTest" time="10.358"/>
  <system-out/>
</testsuite> <!-- com.mm.testcases.TC_LoginTest001 -->
