<?xml version="1.0" encoding="UTF-8"?>
<!-- Generated by org.testng.reporters.JUnitReportReporter -->
<testsuite hostname="DESKTOP-RDGIFUL" failures="0" tests="1" name="com.mm.testcases.TC002_HomePageTest" time="8.548" errors="0" timestamp="2023-02-03T18:14:24 IST" skipped="0">
  <testcase classname="com.mm.testcases.TC002_HomePageTest" name="clikingTest" time="8.548"/>
  <system-out/>
</testsuite> <!-- com.mm.testcases.TC002_HomePageTest -->
