<?xml version="1.0" encoding="UTF-8"?>
<!-- Generated by org.testng.reporters.JUnitReportReporter -->
<testsuite hostname="DESKTOP-RDGIFUL" failures="0" tests="1" name="com.mm.testcases.CheckTitlesTest" time="22.832" errors="0" timestamp="2023-02-01T14:33:25 IST" skipped="0">
  <testcase classname="com.mm.testcases.CheckTitlesTest" name="getTicketTitle" time="22.832"/>
  <system-out/>
</testsuite> <!-- com.mm.testcases.CheckTitlesTest -->
